
     Program LD1 v.7.2 starts on 10Feb2024 at 11:13:32 

     This program is part of the open-source Quantum ESPRESSO suite
     for quantum simulation of materials; please cite
         "P. Giannozzi et al., J. Phys.:Condens. Matter 21 395502 (2009);
         "P. Giannozzi et al., J. Phys.:Condens. Matter 29 465901 (2017);
         "P. Giannozzi et al., J. Chem. Phys. 152 154105 (2020);
          URL http://www.quantum-espresso.org", 
     in publications or presentations arising from this work. More details at
     http://www.quantum-espresso.org/quote

     Parallel version (MPI & OpenMP), running on      20 processor cores
     Number of MPI processes:                 1
     Threads/MPI process:                    20

     MPI processes distributed on     1 nodes
     20350 MiB available memory on the printing compute node when the environment starts

     Waiting for input...
     Reading input from standard input
     --------------------------- All-electron run ----------------------------

     Au                                                                         
     scalar relativistic calculation

     atomic number is 79.00
     dft =PBE   lsd =0 sic =0 latt =0  beta=0.20 tr2=1.0E-14
     Exchange-correlation= PBE
                           (   1   4   3   4   0   0   0)
     mesh =1279 r(mesh) = 100.03820 a.u. xmin = -7.00 dx = 0.01250
     1 Ry =  13.60569312 eV, c = 137.03599908

     n l     nl                  e(Ry)          e(Ha)          e(eV)
     1 0     1S 1( 2.00)     -5939.6314     -2969.8157    -80812.8020
     2 0     2S 1( 2.00)     -1049.5142      -524.7571    -14279.3683
     2 1     2P 1( 6.00)      -907.3928      -453.6964    -12345.7083
     3 0     3S 1( 2.00)      -249.2836      -124.6418     -3391.6758
     3 1     3P 1( 6.00)      -208.0707      -104.0353     -2830.9455
     4 0     4S 1( 2.00)       -55.5118       -27.7559      -755.2766
     4 1     4P 1( 6.00)       -41.9595       -20.9797      -570.8876
     3 2     3D 1(10.00)      -164.0866       -82.0433     -2232.5125
     5 0     5S 1( 2.00)        -9.1354        -4.5677      -124.2936
     5 1     5P 1( 6.00)        -5.4679        -2.7339       -74.3944
     4 2     4D 1(10.00)       -25.7125       -12.8562      -349.8359
     4 3     4F 1(13.00)        -7.6858        -3.8429      -104.5704
     6 0     6S 1( 1.00)        -1.0640        -0.5320       -14.4768
     6 1     6P 1( 0.00)        -0.5441        -0.2720        -7.4026
     5 2     5D 1(10.00)        -1.3897        -0.6948       -18.9072

     final scf error:  2.8E-15 reached in  28 iterations

     Etot =  -38016.943032 Ry,  -19008.471516 Ha, -517246.860372 eV

     Ekin =   42550.293447 Ry,   21275.146723 Ha,  578926.234933 eV
     Encl =  -94488.500438 Ry,  -47244.250219 Ha,-1285581.540618 eV
     Eh   =   14643.565532 Ry,    7321.782766 Ha,  199235.858853 eV
     Exc  =    -722.301573 Ry,    -361.150786 Ha,   -9827.413539 eV


     normalization and overlap integrals

     s(1S/1S) =  1.000000  <r> =   0.0169  <r2> =    0.0004  r(max) =   0.0104
     s(1S/2S) = -0.037371
     s(1S/3S) = -0.016390
     s(1S/4S) = -0.008114
     s(1S/5S) = -0.003660
     s(1S/6S) = -0.001193
     s(2S/2S) =  1.000000  <r> =   0.0711  <r2> =    0.0060  r(max) =   0.0604
     s(2S/3S) = -0.010544
     s(2S/4S) = -0.004975
     s(2S/5S) = -0.002221
     s(2S/6S) = -0.000723
     s(2P/2P) =  1.000000  <r> =   0.0642  <r2> =    0.0050  r(max) =   0.0501
     s(2P/3P) = -0.008242
     s(2P/4P) = -0.003688
     s(2P/5P) = -0.001515
     s(2P/6P) = -0.000386
     s(3S/3S) =  1.000000  <r> =   0.1838  <r2> =    0.0386  r(max) =   0.1704
     s(3S/4S) = -0.003628
     s(3S/5S) = -0.001563
     s(3S/6S) = -0.000506
     s(3P/3P) =  1.000000  <r> =   0.1851  <r2> =    0.0397  r(max) =   0.1683
     s(3P/4P) = -0.003046
     s(3P/5P) = -0.001209
     s(3P/6P) = -0.000306
     s(4S/4S) =  1.000000  <r> =   0.4061  <r2> =    0.1861  r(max) =   0.3841
     s(4S/5S) = -0.001102
     s(4S/6S) = -0.000350
     s(4P/4P) =  1.000000  <r> =   0.4322  <r2> =    0.2122  r(max) =   0.4038
     s(4P/5P) = -0.000866
     s(4P/6P) = -0.000217
     s(3D/3D) =  1.000000  <r> =   0.1677  <r2> =    0.0329  r(max) =   0.1378
     s(3D/4D) = -0.002227
     s(3D/5D) = -0.000656
     s(5S/5S) =  1.000000  <r> =   0.9149  <r2> =    0.9387  r(max) =   0.8441
     s(5S/6S) = -0.000206
     s(5P/5P) =  1.000000  <r> =   1.0522  <r2> =    1.2514  r(max) =   0.9446
     s(5P/6P) = -0.000120
     s(4D/4D) =  1.000000  <r> =   0.4558  <r2> =    0.2399  r(max) =   0.4088
     s(4D/5D) = -0.000517
     s(4F/4F) =  1.000000  <r> =   0.4892  <r2> =    0.2884  r(max) =   0.3746
     s(6S/6S) =  1.000000  <r> =   2.5426  <r2> =    7.3277  r(max) =   2.1556
     s(6P/6P) =  1.000000  <r> =   3.4842  <r2> =   13.8678  r(max) =   2.8736
     s(5D/5D) =  1.000000  <r> =   1.4791  <r2> =    2.5817  r(max) =   1.1683

     ------------------------ End of All-electron run ------------------------


     --------------------- Generating PAW atomic setup --------------------


      Generating local potential from pseudized AE potential:
      Matching radius rcloc =   2.4000

      Local pseudo, rcloc= 2.412 Estimated cut-off energy=     4.11 Ry

      Computing core charge for nlcc: 

       r > 1.62 : true rho core
      Core charge pseudized with two Bessel functions
      Integrated core pseudo-charge :  10.19
      Wfc-us  6S rcutus= 2.183  Estimated cut-off energy=     9.35 Ry
      Wfc-us  6S rcutus= 2.183  Estimated cut-off energy=    19.50 Ry
      Wfc-us  6P rcutus= 2.473  Estimated cut-off energy=    11.81 Ry
      Wfc-us  6P rcutus= 2.473  Estimated cut-off energy=    26.22 Ry
      Wfc-us  5D rcutus= 2.183  Estimated cut-off energy=    25.01 Ry
      Wfc-us  5D rcutus= 2.183  Estimated cut-off energy=    44.62 Ry

      The bmat matrix
     0.86310     1.19005     0.00000     0.00000     0.00000     0.00000
     0.79480     1.19707     0.00000     0.00000     0.00000     0.00000
     0.00000     0.00000     0.25824     0.30001     0.00000     0.00000
     0.00000     0.00000     0.26693     0.58725     0.00000     0.00000
     0.00000     0.00000     0.00000     0.00000    -1.29698    -1.27670
     0.00000     0.00000     0.00000     0.00000    -1.51466    -3.96810

      The bmat + epsilon qq matrix
     0.95762     0.87134     0.00000     0.00000     0.00000     0.00000
     0.87188     0.97277     0.00000     0.00000     0.00000     0.00000
     0.00000     0.00000     0.26642     0.26921     0.00000     0.00000
     0.00000     0.00000     0.26954     0.89341     0.00000     0.00000
     0.00000     0.00000     0.00000     0.00000    -1.74603    -1.36378
     0.00000     0.00000     0.00000     0.00000    -1.36341    -4.40506

      The qq matrix
    -0.08884    -0.07244     0.00000     0.00000     0.00000     0.00000
    -0.07244    -0.05098     0.00000     0.00000     0.00000     0.00000
     0.00000     0.00000    -0.01503    -0.00481     0.00000     0.00000
     0.00000     0.00000    -0.00481     0.04784     0.00000     0.00000
     0.00000     0.00000     0.00000     0.00000     0.32314    -0.10884
     0.00000     0.00000     0.00000     0.00000    -0.10884    -0.54621


    multipoles (all-electron charge) - (pseudo charge)
        ns l1:ns1 l2    l=0     l=1     l=2     l=3     l=4     l=5  
         1  0:  1  0 -0.0888
         2  0:  1  0 -0.0724
         2  0:  2  0 -0.0510
         3  1:  1  0  0.0000  0.0830
         3  1:  2  0  0.0000  0.0829
         3  1:  3  1 -0.0150  0.0000 -0.0789
         4  1:  1  0  0.0000  0.0250
         4  1:  2  0  0.0000  0.0189
         4  1:  3  1 -0.0048  0.0000 -0.0517
         4  1:  4  1  0.0478  0.0000  0.0331
         5  2:  1  0  0.0000  0.0000  0.1921
         5  2:  2  0  0.0000  0.0000  0.0822
         5  2:  3  1  0.0000 -0.1935  0.0000 -0.2867
         5  2:  4  1  0.0000 -0.0683  0.0000  0.0272
         5  2:  5  2  0.3231  0.0000  0.3608  0.0000  0.5285
         6  2:  1  0  0.0000  0.0000  0.4200
         6  2:  2  0  0.0000  0.0000  0.4108
         6  2:  3  1  0.0000 -0.2077  0.0000 -0.2865
         6  2:  4  1  0.0000 -0.2469  0.0000 -0.3534
         6  2:  5  2 -0.1088  0.0000 -0.2246  0.0000 -0.4469
         6  2:  6  2 -0.5462  0.0000 -0.6298  0.0000 -0.8545
     Required augmentation: PSQ   radius:    2.500000

     Q pseudized with Bessel functions
     Expected ecutrho=     516.9377 due to l1=  2   l2=  2

     Estimated PAW energy = -785.997047 Ryd

     The PAW screened D coefficients
     0.95762     0.87188     0.00000     0.00000     0.00000     0.00000
     0.87188     0.97277     0.00000     0.00000     0.00000     0.00000
     0.00000     0.00000     0.26642     0.26954     0.00000     0.00000
     0.00000     0.00000     0.26954     0.89341     0.00000     0.00000
     0.00000     0.00000     0.00000     0.00000    -1.74603    -1.36341
     0.00000     0.00000     0.00000     0.00000    -1.36341    -4.40506

     The PAW descreened D coefficients (US)
     0.70504     0.43409     0.00000     0.00000     0.00000     0.00000
     0.43409     0.73559     0.00000     0.00000     0.00000     0.00000
     0.00000     0.00000     0.37120     0.06662     0.00000     0.00000
     0.00000     0.00000     0.06662     1.39720     0.00000     0.00000
     0.00000     0.00000     0.00000     0.00000     0.31967    -1.62399
     0.00000     0.00000     0.00000     0.00000    -1.62399    -7.22022

     ------------------- End of pseudopotential generation -------------------

     --------------------------- All-electron run ----------------------------

     Au                                                                         
     scalar relativistic calculation

     atomic number is 79.00
     dft = SLA  PW   PBX  PBC   lsd =0 sic =0 latt =0  beta=0.20 tr2=1.0E-14
     Exchange-correlation=  SLA  PW   PBX  PBC
                           (   1   4   3   4   0   0   0)
     mesh =1279 r(mesh) = 100.03820 a.u. xmin = -7.00 dx = 0.01250
     1 Ry =  13.60569312 eV, c = 137.03599908

     n l     nl                  e(Ry)          e(Ha)          e(eV)
     1 0     1S 1( 2.00)     -5939.6314     -2969.8157    -80812.8020
     2 0     2S 1( 2.00)     -1049.5142      -524.7571    -14279.3683
     2 1     2P 1( 6.00)      -907.3928      -453.6964    -12345.7083
     3 0     3S 1( 2.00)      -249.2836      -124.6418     -3391.6758
     3 1     3P 1( 6.00)      -208.0707      -104.0353     -2830.9455
     4 0     4S 1( 2.00)       -55.5118       -27.7559      -755.2766
     4 1     4P 1( 6.00)       -41.9595       -20.9797      -570.8876
     3 2     3D 1(10.00)      -164.0866       -82.0433     -2232.5125
     5 0     5S 1( 2.00)        -9.1354        -4.5677      -124.2936
     5 1     5P 1( 6.00)        -5.4679        -2.7339       -74.3944
     4 2     4D 1(10.00)       -25.7125       -12.8562      -349.8359
     4 3     4F 1(13.00)        -7.6858        -3.8429      -104.5704
     6 0     6S 1( 1.00)        -1.0640        -0.5320       -14.4768
     6 1     6P 1( 0.00)        -0.5441        -0.2720        -7.4026
     5 2     5D 1(10.00)        -1.3897        -0.6948       -18.9072

     final scf error:  2.8E-15 reached in  28 iterations

     Etot =  -38016.943032 Ry,  -19008.471516 Ha, -517246.860372 eV

     Ekin =   42550.293447 Ry,   21275.146723 Ha,  578926.234933 eV
     Encl =  -94488.500438 Ry,  -47244.250219 Ha,-1285581.540618 eV
     Eh   =   14643.565532 Ry,    7321.782766 Ha,  199235.858853 eV
     Exc  =    -722.301573 Ry,    -361.150786 Ha,   -9827.413539 eV


     normalization and overlap integrals

     s(1S/1S) =  1.000000  <r> =   0.0169  <r2> =    0.0004  r(max) =   0.0104
     s(1S/2S) = -0.037371
     s(1S/3S) = -0.016390
     s(1S/4S) = -0.008114
     s(1S/5S) = -0.003660
     s(1S/6S) = -0.001193
     s(2S/2S) =  1.000000  <r> =   0.0711  <r2> =    0.0060  r(max) =   0.0604
     s(2S/3S) = -0.010544
     s(2S/4S) = -0.004975
     s(2S/5S) = -0.002221
     s(2S/6S) = -0.000723
     s(2P/2P) =  1.000000  <r> =   0.0642  <r2> =    0.0050  r(max) =   0.0501
     s(2P/3P) = -0.008242
     s(2P/4P) = -0.003688
     s(2P/5P) = -0.001515
     s(2P/6P) = -0.000386
     s(3S/3S) =  1.000000  <r> =   0.1838  <r2> =    0.0386  r(max) =   0.1704
     s(3S/4S) = -0.003628
     s(3S/5S) = -0.001563
     s(3S/6S) = -0.000506
     s(3P/3P) =  1.000000  <r> =   0.1851  <r2> =    0.0397  r(max) =   0.1683
     s(3P/4P) = -0.003046
     s(3P/5P) = -0.001209
     s(3P/6P) = -0.000306
     s(4S/4S) =  1.000000  <r> =   0.4061  <r2> =    0.1861  r(max) =   0.3841
     s(4S/5S) = -0.001102
     s(4S/6S) = -0.000350
     s(4P/4P) =  1.000000  <r> =   0.4322  <r2> =    0.2122  r(max) =   0.4038
     s(4P/5P) = -0.000866
     s(4P/6P) = -0.000217
     s(3D/3D) =  1.000000  <r> =   0.1677  <r2> =    0.0329  r(max) =   0.1378
     s(3D/4D) = -0.002227
     s(3D/5D) = -0.000656
     s(5S/5S) =  1.000000  <r> =   0.9149  <r2> =    0.9387  r(max) =   0.8441
     s(5S/6S) = -0.000206
     s(5P/5P) =  1.000000  <r> =   1.0522  <r2> =    1.2514  r(max) =   0.9446
     s(5P/6P) = -0.000120
     s(4D/4D) =  1.000000  <r> =   0.4558  <r2> =    0.2399  r(max) =   0.4088
     s(4D/5D) = -0.000517
     s(4F/4F) =  1.000000  <r> =   0.4892  <r2> =    0.2884  r(max) =   0.3746
     s(6S/6S) =  1.000000  <r> =   2.5426  <r2> =    7.3277  r(max) =   2.1556
     s(6P/6P) =  1.000000  <r> =   3.4842  <r2> =   13.8678  r(max) =   2.8736
     s(5D/5D) =  1.000000  <r> =   1.4791  <r2> =    2.5817  r(max) =   1.1683

     ------------------------ End of All-electron run ------------------------


     ---------------------- Testing the pseudopotential ----------------------

     Au                                                                         
     scalar relativistic calculation

     atomic number is 79.00   valence charge is 12.00
     dft = SLA  PW   PBX  PBC   lsd =0 sic =0 latt =0  beta=0.20 tr2=1.0E-14
     mesh =1279 r(mesh) = 100.03820 xmin = -7.00 dx = 0.01250

     n l     nl             e AE (Ry)        e PS (Ry)    De AE-PS (Ry) 
     1 0     6S   1( 1.00)       -1.06402       -1.06402        0.00000
     2 1     6P   1( 0.00)       -0.54408       -0.54408        0.00000
     3 2     5D   1(10.00)       -1.38966       -1.38966        0.00000

     eps = 9.8E-18  iter =  4

     Etot =  -38016.943032 Ry,  -19008.471516 Ha, -517246.860372 eV
     Etotps =  -785.997055 Ry,    -392.998527 Ha,  -10694.034721 eV

     Ekin =     189.910330 Ry,      94.955165 Ha,    2583.861668 eV
     Encl =    -323.749518 Ry,    -161.874759 Ha,   -4404.836589 eV
     Ehrt =      70.143700 Ry,      35.071850 Ha,     954.353662 eV
     Ecxc =    -722.301567 Ry,    -361.150784 Ha,   -9827.413463 eV
     (Ecc =     -16.487142 Ry,      -8.243571 Ha,    -224.318992 eV)

     ---------------------- End of pseudopotential test ----------------------

