
     Program LD1 v.7.2 starts on 10Feb2024 at 10:58:27 

     This program is part of the open-source Quantum ESPRESSO suite
     for quantum simulation of materials; please cite
         "P. Giannozzi et al., J. Phys.:Condens. Matter 21 395502 (2009);
         "P. Giannozzi et al., J. Phys.:Condens. Matter 29 465901 (2017);
         "P. Giannozzi et al., J. Chem. Phys. 152 154105 (2020);
          URL http://www.quantum-espresso.org", 
     in publications or presentations arising from this work. More details at
     http://www.quantum-espresso.org/quote

     Parallel version (MPI & OpenMP), running on      20 processor cores
     Number of MPI processes:                 1
     Threads/MPI process:                    20

     MPI processes distributed on     1 nodes
     20668 MiB available memory on the printing compute node when the environment starts

     Waiting for input...
     Reading input from standard input
     --------------------------- All-electron run ----------------------------

     Au                                                                         
     scalar relativistic calculation

     atomic number is 79.00
     dft =PBE   lsd =0 sic =0 latt =0  beta=0.20 tr2=1.0E-14
     Exchange-correlation= PBE
                           (   1   4   3   4   0   0   0)
     mesh =1279 r(mesh) = 100.03820 a.u. xmin = -7.00 dx = 0.01250
     1 Ry =  13.60569312 eV, c = 137.03599908

     n l     nl                  e(Ry)          e(Ha)          e(eV)
     1 0     1S 1( 2.00)     -5937.8510     -2968.9255    -80788.5789
     2 0     2S 1( 2.00)     -1047.6448      -523.8224    -14253.9334
     2 1     2P 1( 6.00)      -905.5357      -452.7678    -12320.4405
     3 0     3S 1( 2.00)      -247.2699      -123.6349     -3364.2783
     3 1     3P 1( 6.00)      -206.0597      -103.0298     -2803.5848
     4 0     4S 1( 2.00)       -53.6700       -26.8350      -730.2170
     4 1     4P 1( 6.00)       -40.1602       -20.0801      -546.4072
     3 2     3D 1(10.00)      -162.0868       -81.0434     -2205.3027
     5 0     5S 1( 2.00)        -7.9649        -3.9825      -108.3683
     5 1     5P 1( 6.00)        -4.3939        -2.1969       -59.7817
     4 2     4D 1(10.00)       -23.9531       -11.9765      -325.8979
     4 3     4F 1(14.00)        -5.9624        -2.9812       -81.1221
     6 0     6S 1( 1.00)        -0.4235        -0.2117        -5.7619
     6 1     6P 1( 0.00)        -0.0566        -0.0283        -0.7702
     5 2     5D 1(10.00)        -0.5054        -0.2527        -6.8769

     final scf error:  3.7E-15 reached in  36 iterations

     Etot =  -38023.750735 Ry,  -19011.875368 Ha, -517339.483892 eV

     Ekin =   42555.914499 Ry,   21277.957249 Ha,  579002.713236 eV
     Encl =  -94627.523971 Ry,  -47313.761985 Ha,-1287473.052138 eV
     Eh   =   14772.435361 Ry,    7386.217681 Ha,  200989.222207 eV
     Exc  =    -724.576625 Ry,    -362.288312 Ha,   -9858.367198 eV


     normalization and overlap integrals

     s(1S/1S) =  1.000000  <r> =   0.0169  <r2> =    0.0004  r(max) =   0.0104
     s(1S/2S) = -0.037373
     s(1S/3S) = -0.016391
     s(1S/4S) = -0.008093
     s(1S/5S) = -0.003595
     s(1S/6S) = -0.001032
     s(2S/2S) =  1.000000  <r> =   0.0711  <r2> =    0.0060  r(max) =   0.0604
     s(2S/3S) = -0.010545
     s(2S/4S) = -0.004962
     s(2S/5S) = -0.002182
     s(2S/6S) = -0.000625
     s(2P/2P) =  1.000000  <r> =   0.0642  <r2> =    0.0050  r(max) =   0.0501
     s(2P/3P) = -0.008243
     s(2P/4P) = -0.003675
     s(2P/5P) = -0.001477
     s(2P/6P) = -0.000245
     s(3S/3S) =  1.000000  <r> =   0.1838  <r2> =    0.0386  r(max) =   0.1704
     s(3S/4S) = -0.003619
     s(3S/5S) = -0.001537
     s(3S/6S) = -0.000438
     s(3P/3P) =  1.000000  <r> =   0.1851  <r2> =    0.0397  r(max) =   0.1683
     s(3P/4P) = -0.003035
     s(3P/5P) = -0.001180
     s(3P/6P) = -0.000195
     s(4S/4S) =  1.000000  <r> =   0.4070  <r2> =    0.1869  r(max) =   0.3841
     s(4S/5S) = -0.001081
     s(4S/6S) = -0.000303
     s(4P/4P) =  1.000000  <r> =   0.4335  <r2> =    0.2136  r(max) =   0.4038
     s(4P/5P) = -0.000842
     s(4P/6P) = -0.000137
     s(3D/3D) =  1.000000  <r> =   0.1677  <r2> =    0.0329  r(max) =   0.1378
     s(3D/4D) = -0.002215
     s(3D/5D) = -0.000604
     s(5S/5S) =  1.000000  <r> =   0.9270  <r2> =    0.9644  r(max) =   0.8441
     s(5S/6S) = -0.000175
     s(5P/5P) =  1.000000  <r> =   1.0731  <r2> =    1.3040  r(max) =   0.9565
     s(5P/6P) = -0.000075
     s(4D/4D) =  1.000000  <r> =   0.4584  <r2> =    0.2428  r(max) =   0.4088
     s(4D/5D) = -0.000473
     s(4F/4F) =  1.000000  <r> =   0.4987  <r2> =    0.3015  r(max) =   0.3746
     s(6S/6S) =  1.000000  <r> =   2.8675  <r2> =    9.5123  r(max) =   2.3234
     s(6P/6P) =  1.000000  <r> =   5.0740  <r2> =   31.4105  r(max) =   3.6439
     s(5D/5D) =  1.000000  <r> =   1.6193  <r2> =    3.1846  r(max) =   1.2129

     ------------------------ End of All-electron run ------------------------


     --------------------- Generating PAW atomic setup --------------------


      Generating local potential from pseudized AE potential:
      Matching radius rcloc =   2.4000

      Local pseudo, rcloc= 2.412 Estimated cut-off energy=     4.34 Ry

      Computing core charge for nlcc: 

       r > 1.62 : true rho core
      Core charge pseudized with two Bessel functions
      Integrated core pseudo-charge :  10.64
      Wfc-us  6S rcutus= 2.183  Estimated cut-off energy=     9.11 Ry
      Wfc-us  6S rcutus= 2.183  Estimated cut-off energy=    17.87 Ry
      Wfc-us  6P rcutus= 2.473  Estimated cut-off energy=    11.49 Ry
      Wfc-us  6P rcutus= 2.473  Estimated cut-off energy=    24.81 Ry
      Wfc-us  5D rcutus= 2.183  Estimated cut-off energy=    24.69 Ry
      Wfc-us  5D rcutus= 2.183  Estimated cut-off energy=    40.99 Ry

      The bmat matrix
     0.55977     0.96760     0.00000     0.00000     0.00000     0.00000
     0.68539     1.28336     0.00000     0.00000     0.00000     0.00000
     0.00000     0.00000     0.08616     0.20866     0.00000     0.00000
     0.00000     0.00000     0.18799     0.74368     0.00000     0.00000
     0.00000     0.00000     0.00000     0.00000    -1.13840    -1.01517
     0.00000     0.00000     0.00000     0.00000    -0.90971    -1.19169

      The bmat + epsilon qq matrix
     0.57950     0.70979     0.00000     0.00000     0.00000     0.00000
     0.71020     0.98185     0.00000     0.00000     0.00000     0.00000
     0.00000     0.00000     0.08619     0.18797     0.00000     0.00000
     0.00000     0.00000     0.18818     0.89513     0.00000     0.00000
     0.00000     0.00000     0.00000     0.00000    -1.27314    -0.95067
     0.00000     0.00000     0.00000     0.00000    -0.95047    -1.22341

      The qq matrix
    -0.04660    -0.05859     0.00000     0.00000     0.00000     0.00000
    -0.05859    -0.06852     0.00000     0.00000     0.00000     0.00000
     0.00000     0.00000    -0.00057    -0.00323     0.00000     0.00000
     0.00000     0.00000    -0.00323     0.02366     0.00000     0.00000
     0.00000     0.00000     0.00000     0.00000     0.26657     0.08063
     0.00000     0.00000     0.00000     0.00000     0.08063    -0.03965


    multipoles (all-electron charge) - (pseudo charge)
        ns l1:ns1 l2    l=0     l=1     l=2     l=3     l=4     l=5  
         1  0:  1  0 -0.0466
         2  0:  1  0 -0.0586
         2  0:  2  0 -0.0685
         3  1:  1  0  0.0000  0.0347
         3  1:  2  0  0.0000  0.0471
         3  1:  3  1 -0.0006  0.0000 -0.0226
         4  1:  1  0  0.0000  0.0377
         4  1:  2  0  0.0000  0.0513
         4  1:  3  1 -0.0032  0.0000 -0.0408
         4  1:  4  1  0.0237  0.0000 -0.0206
         5  2:  1  0  0.0000  0.0000  0.1587
         5  2:  2  0  0.0000  0.0000  0.1166
         5  2:  3  1  0.0000 -0.1154  0.0000 -0.1744
         5  2:  4  1  0.0000 -0.1152  0.0000 -0.0712
         5  2:  5  2  0.2666  0.0000  0.3016  0.0000  0.4479
         6  2:  1  0  0.0000  0.0000  0.1835
         6  2:  2  0  0.0000  0.0000  0.1976
         6  2:  3  1  0.0000 -0.0882  0.0000 -0.1216
         6  2:  4  1  0.0000 -0.1510  0.0000 -0.1781
         6  2:  5  2  0.0806  0.0000  0.0540  0.0000  0.0372
         6  2:  6  2 -0.0396  0.0000 -0.0751  0.0000 -0.1314
     Required augmentation: PSQ   radius:    2.500000

     Q pseudized with Bessel functions
     Expected ecutrho=     363.6949 due to l1=  2   l2=  2

     Estimated PAW energy = -774.904614 Ryd

     The PAW screened D coefficients
     0.57950     0.71020     0.00000     0.00000     0.00000     0.00000
     0.71020     0.98185     0.00000     0.00000     0.00000     0.00000
     0.00000     0.00000     0.08619     0.18818     0.00000     0.00000
     0.00000     0.00000     0.18818     0.89513     0.00000     0.00000
     0.00000     0.00000     0.00000     0.00000    -1.27314    -0.95047
     0.00000     0.00000     0.00000     0.00000    -0.95047    -1.22341

     The PAW descreened D coefficients (US)
     0.54943     0.54722     0.00000     0.00000     0.00000     0.00000
     0.54722     0.61843     0.00000     0.00000     0.00000     0.00000
     0.00000     0.00000     0.15622     0.12218     0.00000     0.00000
     0.00000     0.00000     0.12218     1.12902     0.00000     0.00000
     0.00000     0.00000     0.00000     0.00000     0.23415    -0.32916
     0.00000     0.00000     0.00000     0.00000    -0.32916    -1.23918

     ------------------- End of pseudopotential generation -------------------

     --------------------------- All-electron run ----------------------------

     Au                                                                         
     scalar relativistic calculation

     atomic number is 79.00
     dft = SLA  PW   PBX  PBC   lsd =0 sic =0 latt =0  beta=0.20 tr2=1.0E-14
     Exchange-correlation=  SLA  PW   PBX  PBC
                           (   1   4   3   4   0   0   0)
     mesh =1279 r(mesh) = 100.03820 a.u. xmin = -7.00 dx = 0.01250
     1 Ry =  13.60569312 eV, c = 137.03599908

     n l     nl                  e(Ry)          e(Ha)          e(eV)
     1 0     1S 1( 2.00)     -5937.8510     -2968.9255    -80788.5789
     2 0     2S 1( 2.00)     -1047.6448      -523.8224    -14253.9334
     2 1     2P 1( 6.00)      -905.5357      -452.7678    -12320.4405
     3 0     3S 1( 2.00)      -247.2699      -123.6349     -3364.2783
     3 1     3P 1( 6.00)      -206.0597      -103.0298     -2803.5848
     4 0     4S 1( 2.00)       -53.6700       -26.8350      -730.2170
     4 1     4P 1( 6.00)       -40.1602       -20.0801      -546.4072
     3 2     3D 1(10.00)      -162.0868       -81.0434     -2205.3027
     5 0     5S 1( 2.00)        -7.9649        -3.9825      -108.3683
     5 1     5P 1( 6.00)        -4.3939        -2.1969       -59.7817
     4 2     4D 1(10.00)       -23.9531       -11.9765      -325.8979
     4 3     4F 1(14.00)        -5.9624        -2.9812       -81.1221
     6 0     6S 1( 1.00)        -0.4235        -0.2117        -5.7619
     6 1     6P 1( 0.00)        -0.0566        -0.0283        -0.7702
     5 2     5D 1(10.00)        -0.5054        -0.2527        -6.8769

     final scf error:  3.7E-15 reached in  36 iterations

     Etot =  -38023.750735 Ry,  -19011.875368 Ha, -517339.483892 eV

     Ekin =   42555.914499 Ry,   21277.957249 Ha,  579002.713236 eV
     Encl =  -94627.523971 Ry,  -47313.761985 Ha,-1287473.052138 eV
     Eh   =   14772.435361 Ry,    7386.217681 Ha,  200989.222207 eV
     Exc  =    -724.576625 Ry,    -362.288312 Ha,   -9858.367198 eV


     normalization and overlap integrals

     s(1S/1S) =  1.000000  <r> =   0.0169  <r2> =    0.0004  r(max) =   0.0104
     s(1S/2S) = -0.037373
     s(1S/3S) = -0.016391
     s(1S/4S) = -0.008093
     s(1S/5S) = -0.003595
     s(1S/6S) = -0.001032
     s(2S/2S) =  1.000000  <r> =   0.0711  <r2> =    0.0060  r(max) =   0.0604
     s(2S/3S) = -0.010545
     s(2S/4S) = -0.004962
     s(2S/5S) = -0.002182
     s(2S/6S) = -0.000625
     s(2P/2P) =  1.000000  <r> =   0.0642  <r2> =    0.0050  r(max) =   0.0501
     s(2P/3P) = -0.008243
     s(2P/4P) = -0.003675
     s(2P/5P) = -0.001477
     s(2P/6P) = -0.000245
     s(3S/3S) =  1.000000  <r> =   0.1838  <r2> =    0.0386  r(max) =   0.1704
     s(3S/4S) = -0.003619
     s(3S/5S) = -0.001537
     s(3S/6S) = -0.000438
     s(3P/3P) =  1.000000  <r> =   0.1851  <r2> =    0.0397  r(max) =   0.1683
     s(3P/4P) = -0.003035
     s(3P/5P) = -0.001180
     s(3P/6P) = -0.000195
     s(4S/4S) =  1.000000  <r> =   0.4070  <r2> =    0.1869  r(max) =   0.3841
     s(4S/5S) = -0.001081
     s(4S/6S) = -0.000303
     s(4P/4P) =  1.000000  <r> =   0.4335  <r2> =    0.2136  r(max) =   0.4038
     s(4P/5P) = -0.000842
     s(4P/6P) = -0.000137
     s(3D/3D) =  1.000000  <r> =   0.1677  <r2> =    0.0329  r(max) =   0.1378
     s(3D/4D) = -0.002215
     s(3D/5D) = -0.000604
     s(5S/5S) =  1.000000  <r> =   0.9270  <r2> =    0.9644  r(max) =   0.8441
     s(5S/6S) = -0.000175
     s(5P/5P) =  1.000000  <r> =   1.0731  <r2> =    1.3040  r(max) =   0.9565
     s(5P/6P) = -0.000075
     s(4D/4D) =  1.000000  <r> =   0.4584  <r2> =    0.2428  r(max) =   0.4088
     s(4D/5D) = -0.000473
     s(4F/4F) =  1.000000  <r> =   0.4987  <r2> =    0.3015  r(max) =   0.3746
     s(6S/6S) =  1.000000  <r> =   2.8675  <r2> =    9.5123  r(max) =   2.3234
     s(6P/6P) =  1.000000  <r> =   5.0740  <r2> =   31.4105  r(max) =   3.6439
     s(5D/5D) =  1.000000  <r> =   1.6193  <r2> =    3.1846  r(max) =   1.2129

     ------------------------ End of All-electron run ------------------------


     ---------------------- Testing the pseudopotential ----------------------

     Au                                                                         
     scalar relativistic calculation

     atomic number is 79.00   valence charge is 11.00
     dft = SLA  PW   PBX  PBC   lsd =0 sic =0 latt =0  beta=0.20 tr2=1.0E-14
     mesh =1279 r(mesh) = 100.03820 xmin = -7.00 dx = 0.01250

     n l     nl             e AE (Ry)        e PS (Ry)    De AE-PS (Ry) 
     1 0     6S   1( 1.00)       -0.42349       -0.42350        0.00000
     2 1     6P   1( 0.00)       -0.05661       -0.05661       -0.00000
     3 2     5D   1(10.00)       -0.50544       -0.50545        0.00000

     eps = 3.2E-15  iter =  3

     Etot =  -38023.750735 Ry,  -19011.875368 Ha, -517339.483892 eV
     Etotps =  -774.904622 Ry,    -387.452311 Ha,  -10543.114490 eV

     Ekin =     161.673837 Ry,      80.836918 Ha,    2199.684608 eV
     Encl =    -276.369459 Ry,    -138.184729 Ha,   -3760.198046 eV
     Ehrt =      64.367619 Ry,      32.183810 Ha,     875.766075 eV
     Ecxc =    -724.576619 Ry,    -362.288310 Ha,   -9858.367127 eV
     (Ecc =     -17.272451 Ry,      -8.636226 Ha,    -235.003674 eV)

     ---------------------- End of pseudopotential test ----------------------

