
     Program LD1 v.7.2 starts on 10Feb2024 at 11:13:37 

     This program is part of the open-source Quantum ESPRESSO suite
     for quantum simulation of materials; please cite
         "P. Giannozzi et al., J. Phys.:Condens. Matter 21 395502 (2009);
         "P. Giannozzi et al., J. Phys.:Condens. Matter 29 465901 (2017);
         "P. Giannozzi et al., J. Chem. Phys. 152 154105 (2020);
          URL http://www.quantum-espresso.org", 
     in publications or presentations arising from this work. More details at
     http://www.quantum-espresso.org/quote

     Parallel version (MPI & OpenMP), running on      20 processor cores
     Number of MPI processes:                 1
     Threads/MPI process:                    20

     MPI processes distributed on     1 nodes
     20352 MiB available memory on the printing compute node when the environment starts

     Waiting for input...
     Reading input from standard input
     --------------------------- All-electron run ----------------------------

     Pt                                                                         
     scalar relativistic calculation

     atomic number is 78.00
     dft =PBE   lsd =0 sic =0 latt =0  beta=0.20 tr2=1.0E-14
     Exchange-correlation= PBE
                           (   1   4   3   4   0   0   0)
     mesh =1277 r(mesh) =  98.81913 a.u. xmin = -7.00 dx = 0.01250
     1 Ry =  13.60569312 eV, c = 137.03599908

     n l     nl                  e(Ry)          e(Ha)          e(eV)
     1 0     1S 1( 2.00)     -5766.8898     -2883.4449    -78462.5325
     2 0     2S 1( 2.00)     -1014.5664      -507.2832    -13803.8797
     2 1     2P 1( 6.00)      -879.3615      -439.6808    -11964.3231
     3 0     3S 1( 2.00)      -239.8250      -119.9125     -3262.9860
     3 1     3P 1( 6.00)      -200.4603      -100.2301     -2727.4010
     4 0     4S 1( 2.00)       -52.8985       -26.4492      -719.7203
     4 1     4P 1( 6.00)       -39.9537       -19.9769      -543.5981
     3 2     3D 1(10.00)      -157.8072       -78.9036     -2147.0759
     5 0     5S 1( 2.00)        -8.6220        -4.3110      -117.3078
     5 1     5P 1( 6.00)        -5.1613        -2.5806       -70.2225
     4 2     4D 1(10.00)       -24.2525       -12.1262      -329.9720
     4 3     4F 1(13.00)        -6.8087        -3.4043       -92.6370
     6 0     6S 1( 1.00)        -1.0377        -0.5189       -14.1188
     6 1     6P 1( 0.00)        -0.5390        -0.2695        -7.3330
     5 2     5D 1( 9.00)        -1.3037        -0.6518       -17.7371

     final scf error:  2.4E-15 reached in  28 iterations

     Etot =  -36821.077741 Ry,  -18410.538870 Ha, -500976.284196 eV

     Ekin =   41078.601481 Ry,   20539.300741 Ha,  558902.845677 eV
     Encl =  -91395.429337 Ry,  -45697.714669 Ha,-1243498.164407 eV
     Eh   =   14201.935455 Ry,    7100.967728 Ha,  193227.175555 eV
     Exc  =    -706.185340 Ry,    -353.092670 Ha,   -9608.141021 eV


     normalization and overlap integrals

     s(1S/1S) =  1.000000  <r> =   0.0171  <r2> =    0.0004  r(max) =   0.0106
     s(1S/2S) = -0.036258
     s(1S/3S) = -0.015898
     s(1S/4S) = -0.007852
     s(1S/5S) = -0.003506
     s(1S/6S) = -0.001151
     s(2S/2S) =  1.000000  <r> =   0.0723  <r2> =    0.0062  r(max) =   0.0612
     s(2S/3S) = -0.010211
     s(2S/4S) = -0.004807
     s(2S/5S) = -0.002125
     s(2S/6S) = -0.000696
     s(2P/2P) =  1.000000  <r> =   0.0652  <r2> =    0.0052  r(max) =   0.0507
     s(2P/3P) = -0.008001
     s(2P/4P) = -0.003570
     s(2P/5P) = -0.001448
     s(2P/6P) = -0.000377
     s(3S/3S) =  1.000000  <r> =   0.1871  <r2> =    0.0400  r(max) =   0.1726
     s(3S/4S) = -0.003499
     s(3S/5S) = -0.001494
     s(3S/6S) = -0.000487
     s(3P/3P) =  1.000000  <r> =   0.1882  <r2> =    0.0411  r(max) =   0.1726
     s(3P/4P) = -0.002941
     s(3P/5P) = -0.001153
     s(3P/6P) = -0.000299
     s(4S/4S) =  1.000000  <r> =   0.4142  <r2> =    0.1935  r(max) =   0.3890
     s(4S/5S) = -0.001050
     s(4S/6S) = -0.000336
     s(4P/4P) =  1.000000  <r> =   0.4405  <r2> =    0.2205  r(max) =   0.4089
     s(4P/5P) = -0.000823
     s(4P/6P) = -0.000210
     s(3D/3D) =  1.000000  <r> =   0.1705  <r2> =    0.0340  r(max) =   0.1396
     s(3D/4D) = -0.002148
     s(3D/5D) = -0.000618
     s(5S/5S) =  1.000000  <r> =   0.9396  <r2> =    0.9903  r(max) =   0.8657
     s(5S/6S) = -0.000195
     s(5P/5P) =  1.000000  <r> =   1.0822  <r2> =    1.3242  r(max) =   0.9688
     s(5P/6P) = -0.000115
     s(4D/4D) =  1.000000  <r> =   0.4656  <r2> =    0.2504  r(max) =   0.4193
     s(4D/5D) = -0.000484
     s(4F/4F) =  1.000000  <r> =   0.5056  <r2> =    0.3094  r(max) =   0.3842
     s(6S/6S) =  1.000000  <r> =   2.6023  <r2> =    7.6698  r(max) =   2.2385
     s(6P/6P) =  1.000000  <r> =   3.5419  <r2> =   14.3121  r(max) =   2.9470
     s(5D/5D) =  1.000000  <r> =   1.5387  <r2> =    2.7970  r(max) =   1.2132

     ------------------------ End of All-electron run ------------------------


     --------------------- Generating PAW atomic setup --------------------


      Generating local potential from pseudized AE potential:
      Matching radius rcloc =   2.4000

      Local pseudo, rcloc= 2.383 Estimated cut-off energy=     4.22 Ry

      Computing core charge for nlcc: 

       r > 1.81 : true rho core
      Core charge pseudized with two Bessel functions
      Integrated core pseudo-charge :   7.77
      Wfc-us  6S rcutus= 2.211  Estimated cut-off energy=     9.06 Ry
      Wfc-us  6S rcutus= 2.211  Estimated cut-off energy=    18.94 Ry
      Wfc-us  6P rcutus= 2.505  Estimated cut-off energy=    11.47 Ry
      Wfc-us  6P rcutus= 2.505  Estimated cut-off energy=    25.63 Ry
      Wfc-us  5D rcutus= 2.211  Estimated cut-off energy=    24.30 Ry
      Wfc-us  5D rcutus= 2.211  Estimated cut-off energy=    43.25 Ry

      The bmat matrix
     0.81625     1.09552     0.00000     0.00000     0.00000     0.00000
     0.76534     1.13139     0.00000     0.00000     0.00000     0.00000
     0.00000     0.00000     0.25095     0.26883     0.00000     0.00000
     0.00000     0.00000     0.26145     0.54299     0.00000     0.00000
     0.00000     0.00000     0.00000     0.00000    -1.15428    -1.07750
     0.00000     0.00000     0.00000     0.00000    -1.27236    -3.18174

      The bmat + epsilon qq matrix
     0.89259     0.82792     0.00000     0.00000     0.00000     0.00000
     0.82845     0.94081     0.00000     0.00000     0.00000     0.00000
     0.00000     0.00000     0.25667     0.26173     0.00000     0.00000
     0.00000     0.00000     0.26205     0.88547     0.00000     0.00000
     0.00000     0.00000     0.00000     0.00000    -1.53638    -1.15173
     0.00000     0.00000     0.00000     0.00000    -1.15140    -3.56019

      The qq matrix
    -0.07357    -0.06082     0.00000     0.00000     0.00000     0.00000
    -0.06082    -0.04332     0.00000     0.00000     0.00000     0.00000
     0.00000     0.00000    -0.01060    -0.00111     0.00000     0.00000
     0.00000     0.00000    -0.00111     0.05351     0.00000     0.00000
     0.00000     0.00000     0.00000     0.00000     0.29309    -0.09279
     0.00000     0.00000     0.00000     0.00000    -0.09279    -0.47305


    multipoles (all-electron charge) - (pseudo charge)
        ns l1:ns1 l2    l=0     l=1     l=2     l=3     l=4     l=5  
         1  0:  1  0 -0.0736
         2  0:  1  0 -0.0608
         2  0:  2  0 -0.0433
         3  1:  1  0  0.0000  0.0760
         3  1:  2  0  0.0000  0.0799
         3  1:  3  1 -0.0106  0.0000 -0.0744
         4  1:  1  0  0.0000  0.0165
         4  1:  2  0  0.0000  0.0117
         4  1:  3  1 -0.0011  0.0000 -0.0492
         4  1:  4  1  0.0535  0.0000  0.0416
         5  2:  1  0  0.0000  0.0000  0.2000
         5  2:  2  0  0.0000  0.0000  0.0905
         5  2:  3  1  0.0000 -0.1974  0.0000 -0.3058
         5  2:  4  1  0.0000 -0.0655  0.0000  0.0310
         5  2:  5  2  0.2931  0.0000  0.3382  0.0000  0.5123
         6  2:  1  0  0.0000  0.0000  0.3899
         6  2:  2  0  0.0000  0.0000  0.3839
         6  2:  3  1  0.0000 -0.1982  0.0000 -0.2806
         6  2:  4  1  0.0000 -0.2234  0.0000 -0.3258
         6  2:  5  2 -0.0928  0.0000 -0.2013  0.0000 -0.4137
         6  2:  6  2 -0.4731  0.0000 -0.5681  0.0000 -0.8025
     Required augmentation: PSQ   radius:    2.500000

     Q pseudized with Bessel functions
     Expected ecutrho=     512.3676 due to l1=  2   l2=  2

     Estimated PAW energy = -756.149076 Ryd

     The PAW screened D coefficients
     0.89259     0.82845     0.00000     0.00000     0.00000     0.00000
     0.82845     0.94081     0.00000     0.00000     0.00000     0.00000
     0.00000     0.00000     0.25667     0.26205     0.00000     0.00000
     0.00000     0.00000     0.26205     0.88547     0.00000     0.00000
     0.00000     0.00000     0.00000     0.00000    -1.53638    -1.15140
     0.00000     0.00000     0.00000     0.00000    -1.15140    -3.56019

     The PAW descreened D coefficients (US)
     0.75433     0.40379     0.00000     0.00000     0.00000     0.00000
     0.40379     0.67857     0.00000     0.00000     0.00000     0.00000
     0.00000     0.00000     0.40147     0.11123     0.00000     0.00000
     0.00000     0.00000     0.11123     1.42015     0.00000     0.00000
     0.00000     0.00000     0.00000     0.00000     0.45343    -1.30860
     0.00000     0.00000     0.00000     0.00000    -1.30860    -6.00903

     ------------------- End of pseudopotential generation -------------------

     --------------------------- All-electron run ----------------------------

     Pt                                                                         
     scalar relativistic calculation

     atomic number is 78.00
     dft = SLA  PW   PBX  PBC   lsd =0 sic =0 latt =0  beta=0.20 tr2=1.0E-14
     Exchange-correlation=  SLA  PW   PBX  PBC
                           (   1   4   3   4   0   0   0)
     mesh =1277 r(mesh) =  98.81913 a.u. xmin = -7.00 dx = 0.01250
     1 Ry =  13.60569312 eV, c = 137.03599908

     n l     nl                  e(Ry)          e(Ha)          e(eV)
     1 0     1S 1( 2.00)     -5766.8898     -2883.4449    -78462.5325
     2 0     2S 1( 2.00)     -1014.5664      -507.2832    -13803.8797
     2 1     2P 1( 6.00)      -879.3615      -439.6808    -11964.3231
     3 0     3S 1( 2.00)      -239.8250      -119.9125     -3262.9860
     3 1     3P 1( 6.00)      -200.4603      -100.2301     -2727.4010
     4 0     4S 1( 2.00)       -52.8985       -26.4492      -719.7203
     4 1     4P 1( 6.00)       -39.9537       -19.9769      -543.5981
     3 2     3D 1(10.00)      -157.8072       -78.9036     -2147.0759
     5 0     5S 1( 2.00)        -8.6220        -4.3110      -117.3078
     5 1     5P 1( 6.00)        -5.1613        -2.5806       -70.2225
     4 2     4D 1(10.00)       -24.2525       -12.1262      -329.9720
     4 3     4F 1(13.00)        -6.8087        -3.4043       -92.6370
     6 0     6S 1( 1.00)        -1.0377        -0.5189       -14.1188
     6 1     6P 1( 0.00)        -0.5390        -0.2695        -7.3330
     5 2     5D 1( 9.00)        -1.3037        -0.6518       -17.7371

     final scf error:  2.4E-15 reached in  28 iterations

     Etot =  -36821.077741 Ry,  -18410.538870 Ha, -500976.284196 eV

     Ekin =   41078.601481 Ry,   20539.300741 Ha,  558902.845677 eV
     Encl =  -91395.429337 Ry,  -45697.714669 Ha,-1243498.164407 eV
     Eh   =   14201.935455 Ry,    7100.967728 Ha,  193227.175555 eV
     Exc  =    -706.185340 Ry,    -353.092670 Ha,   -9608.141021 eV


     normalization and overlap integrals

     s(1S/1S) =  1.000000  <r> =   0.0171  <r2> =    0.0004  r(max) =   0.0106
     s(1S/2S) = -0.036258
     s(1S/3S) = -0.015898
     s(1S/4S) = -0.007852
     s(1S/5S) = -0.003506
     s(1S/6S) = -0.001151
     s(2S/2S) =  1.000000  <r> =   0.0723  <r2> =    0.0062  r(max) =   0.0612
     s(2S/3S) = -0.010211
     s(2S/4S) = -0.004807
     s(2S/5S) = -0.002125
     s(2S/6S) = -0.000696
     s(2P/2P) =  1.000000  <r> =   0.0652  <r2> =    0.0052  r(max) =   0.0507
     s(2P/3P) = -0.008001
     s(2P/4P) = -0.003570
     s(2P/5P) = -0.001448
     s(2P/6P) = -0.000377
     s(3S/3S) =  1.000000  <r> =   0.1871  <r2> =    0.0400  r(max) =   0.1726
     s(3S/4S) = -0.003499
     s(3S/5S) = -0.001494
     s(3S/6S) = -0.000487
     s(3P/3P) =  1.000000  <r> =   0.1882  <r2> =    0.0411  r(max) =   0.1726
     s(3P/4P) = -0.002941
     s(3P/5P) = -0.001153
     s(3P/6P) = -0.000299
     s(4S/4S) =  1.000000  <r> =   0.4142  <r2> =    0.1935  r(max) =   0.3890
     s(4S/5S) = -0.001050
     s(4S/6S) = -0.000336
     s(4P/4P) =  1.000000  <r> =   0.4405  <r2> =    0.2205  r(max) =   0.4089
     s(4P/5P) = -0.000823
     s(4P/6P) = -0.000210
     s(3D/3D) =  1.000000  <r> =   0.1705  <r2> =    0.0340  r(max) =   0.1396
     s(3D/4D) = -0.002148
     s(3D/5D) = -0.000618
     s(5S/5S) =  1.000000  <r> =   0.9396  <r2> =    0.9903  r(max) =   0.8657
     s(5S/6S) = -0.000195
     s(5P/5P) =  1.000000  <r> =   1.0822  <r2> =    1.3242  r(max) =   0.9688
     s(5P/6P) = -0.000115
     s(4D/4D) =  1.000000  <r> =   0.4656  <r2> =    0.2504  r(max) =   0.4193
     s(4D/5D) = -0.000484
     s(4F/4F) =  1.000000  <r> =   0.5056  <r2> =    0.3094  r(max) =   0.3842
     s(6S/6S) =  1.000000  <r> =   2.6023  <r2> =    7.6698  r(max) =   2.2385
     s(6P/6P) =  1.000000  <r> =   3.5419  <r2> =   14.3121  r(max) =   2.9470
     s(5D/5D) =  1.000000  <r> =   1.5387  <r2> =    2.7970  r(max) =   1.2132

     ------------------------ End of All-electron run ------------------------


     ---------------------- Testing the pseudopotential ----------------------

     Pt                                                                         
     scalar relativistic calculation

     atomic number is 78.00   valence charge is 11.00
     dft = SLA  PW   PBX  PBC   lsd =0 sic =0 latt =0  beta=0.20 tr2=1.0E-14
     mesh =1277 r(mesh) =  98.81913 xmin = -7.00 dx = 0.01250

     n l     nl             e AE (Ry)        e PS (Ry)    De AE-PS (Ry) 
     1 0     6S   1( 1.00)       -1.03771       -1.03772        0.00000
     2 1     6P   1( 0.00)       -0.53897       -0.53897        0.00000
     3 2     5D   1( 9.00)       -1.30365       -1.30366        0.00000

     eps = 5.3E-15  iter =  3

     Etot =  -36821.077741 Ry,  -18410.538870 Ha, -500976.284196 eV
     Etotps =  -756.149086 Ry,    -378.074543 Ha,  -10287.932422 eV

     Ekin =     157.485697 Ry,      78.742848 Ha,    2142.702064 eV
     Encl =    -262.969592 Ry,    -131.484796 Ha,   -3577.883565 eV
     Ehrt =      55.520142 Ry,      27.760071 Ha,     755.390012 eV
     Ecxc =    -706.185333 Ry,    -353.092667 Ha,   -9608.140932 eV
     (Ecc =     -10.684519 Ry,      -5.342259 Ha,    -145.370282 eV)

     ---------------------- End of pseudopotential test ----------------------

