
     Program LD1 v.7.2 starts on  8May2024 at  9:38:21 

     This program is part of the open-source Quantum ESPRESSO suite
     for quantum simulation of materials; please cite
         "P. Giannozzi et al., J. Phys.:Condens. Matter 21 395502 (2009);
         "P. Giannozzi et al., J. Phys.:Condens. Matter 29 465901 (2017);
         "P. Giannozzi et al., J. Chem. Phys. 152 154105 (2020);
          URL http://www.quantum-espresso.org", 
     in publications or presentations arising from this work. More details at
     http://www.quantum-espresso.org/quote

     Parallel version (MPI & OpenMP), running on      20 processor cores
     Number of MPI processes:                 1
     Threads/MPI process:                    20

     MPI processes distributed on     1 nodes
     17737 MiB available memory on the printing compute node when the environment starts

     Waiting for input...
     Reading input from standard input
     --------------------------- All-electron run ----------------------------

     W                                                                          
     scalar relativistic calculation

     atomic number is 74.00
     dft =PBE   lsd =0 sic =0 latt =0  beta=0.20 tr2=1.0E-14
     Exchange-correlation= PBE
                           (   1   4   3   4   0   0   0)
     mesh =1273 r(mesh) =  99.08072 a.u. xmin = -7.00 dx = 0.01250
     1 Ry =  13.60569312 eV, c = 137.03599908

     n l     nl                  e(Ry)          e(Ha)          e(eV)
     1 0     1S 1( 2.00)     -5108.0325     -2554.0163    -69498.3227
     2 0     2S 1( 2.00)      -881.6250      -440.8125    -11995.1197
     2 1     2P 1( 6.00)      -770.9375      -385.4687    -10489.1389
     3 0     3S 1( 2.00)      -203.0444      -101.5222     -2762.5605
     3 1     3P 1( 6.00)      -170.2715       -85.1358     -2316.6624
     4 0     4S 1( 2.00)       -41.8880       -20.9440      -569.9155
     4 1     4P 1( 6.00)       -31.1402       -15.5701      -423.6836
     3 2     3D 1(10.00)      -132.6048       -66.3024     -1804.1802
     5 0     5S 1( 2.00)        -5.8117        -2.9059       -79.0726
     5 1     5P 1( 6.00)        -3.1753        -1.5876       -43.2016
     4 2     4D 1(10.00)       -17.5243        -8.7621      -238.4301
     4 3     4F 1(14.00)        -2.4407        -1.2203       -33.2069
     6 0     6S 1( 2.00)        -0.4199        -0.2099        -5.7127
     6 1     6P 1( 0.00)        -0.1001        -0.0500        -1.3613
     5 2     5D 1( 4.00)        -0.3293        -0.1646        -4.4800

     final scf error:  6.9E-15 reached in  30 iterations

     Etot =  -32285.036163 Ry,  -16142.518081 Ha, -439260.294494 eV

     Ekin =   35580.599384 Ry,   17790.299692 Ha,  484098.716355 eV
     Encl =  -79832.739882 Ry,  -39916.369941 Ha,-1086179.759998 eV
     Eh   =   12612.479938 Ry,    6306.239969 Ha,  171601.531560 eV
     Exc  =    -645.375604 Ry,    -322.687802 Ha,   -8780.782411 eV


     normalization and overlap integrals

     s(1S/1S) =  1.000000  <r> =   0.0183  <r2> =    0.0005  r(max) =   0.0115
     s(1S/2S) = -0.032037
     s(1S/3S) = -0.014025
     s(1S/4S) = -0.006844
     s(1S/5S) = -0.002866
     s(1S/6S) = -0.000869
     s(2S/2S) =  1.000000  <r> =   0.0776  <r2> =    0.0071  r(max) =   0.0653
     s(2S/3S) = -0.008951
     s(2S/4S) = -0.004168
     s(2S/5S) = -0.001729
     s(2S/6S) = -0.000524
     s(2P/2P) =  1.000000  <r> =   0.0694  <r2> =    0.0059  r(max) =   0.0541
     s(2P/3P) = -0.007076
     s(2P/4P) = -0.003114
     s(2P/5P) = -0.001159
     s(2P/6P) = -0.000252
     s(3S/3S) =  1.000000  <r> =   0.2010  <r2> =    0.0462  r(max) =   0.1842
     s(3S/4S) = -0.003012
     s(3S/5S) = -0.001209
     s(3S/6S) = -0.000365
     s(3P/3P) =  1.000000  <r> =   0.2013  <r2> =    0.0470  r(max) =   0.1842
     s(3P/4P) = -0.002540
     s(3P/5P) = -0.000917
     s(3P/6P) = -0.000199
     s(4S/4S) =  1.000000  <r> =   0.4495  <r2> =    0.2281  r(max) =   0.4204
     s(4S/5S) = -0.000837
     s(4S/6S) = -0.000249
     s(4P/4P) =  1.000000  <r> =   0.4780  <r2> =    0.2599  r(max) =   0.4419
     s(4P/5P) = -0.000642
     s(4P/6P) = -0.000138
     s(3D/3D) =  1.000000  <r> =   0.1824  <r2> =    0.0390  r(max) =   0.1490
     s(3D/4D) = -0.001840
     s(3D/5D) = -0.000421
     s(5S/5S) =  1.000000  <r> =   1.0670  <r2> =    1.2795  r(max) =   0.9593
     s(5S/6S) = -0.000135
     s(5P/5P) =  1.000000  <r> =   1.2493  <r2> =    1.7716  r(max) =   1.0870
     s(5P/6P) = -0.000069
     s(4D/4D) =  1.000000  <r> =   0.5113  <r2> =    0.3030  r(max) =   0.4531
     s(4D/5D) = -0.000320
     s(4F/4F) =  1.000000  <r> =   0.6078  <r2> =    0.4644  r(max) =   0.4310
     s(6S/6S) =  1.000000  <r> =   3.1762  <r2> =   11.5366  r(max) =   2.6736
     s(6P/6P) =  1.000000  <r> =   4.8422  <r2> =   27.6044  r(max) =   3.7469
     s(5D/5D) =  1.000000  <r> =   2.0741  <r2> =    5.2814  r(max) =   1.4858

     ------------------------ End of All-electron run ------------------------


     --------------------- Generating PAW atomic setup --------------------


      Generating local potential from pseudized AE potential:
      Matching radius rcloc =   2.1000

      Local pseudo, rcloc= 2.108 Estimated cut-off energy=     5.63 Ry

      Computing core charge for nlcc: 

       r > 1.20 : true rho core
      Core charge pseudized with two Bessel functions
      Integrated core pseudo-charge :   9.95
      Wfc-us  5S rcutus= 1.486  Estimated cut-off energy=    24.08 Ry
      Wfc-us  6S rcutus= 1.486  Estimated cut-off energy=    45.56 Ry
      Wfc-us  5P rcutus= 1.601  Estimated cut-off energy=    32.08 Ry
      Wfc-us  6P rcutus= 1.601  Estimated cut-off energy=    50.39 Ry
      Wfc-us  5D rcutus= 2.006  Estimated cut-off energy=    28.37 Ry
      Wfc-us  5D rcutus= 2.006  Estimated cut-off energy=    30.64 Ry

      The bmat matrix
    -0.91004     1.24314     0.00000     0.00000     0.00000     0.00000
    -0.24780     0.37123     0.00000     0.00000     0.00000     0.00000
     0.00000     0.00000    -1.40972    -0.12843     0.00000     0.00000
     0.00000     0.00000    -0.30160    -0.03493     0.00000     0.00000
     0.00000     0.00000     0.00000     0.00000    -0.36142    -0.26867
     0.00000     0.00000     0.00000     0.00000    -0.25319    -0.18722

      The bmat + epsilon qq matrix
     4.02049     1.35930     0.00000     0.00000     0.00000     0.00000
     1.36001     0.41025     0.00000     0.00000     0.00000     0.00000
     0.00000     0.00000    -0.74082    -0.12279     0.00000     0.00000
     0.00000     0.00000    -0.12258    -0.03343     0.00000     0.00000
     0.00000     0.00000     0.00000     0.00000    -0.37095    -0.26132
     0.00000     0.00000     0.00000     0.00000    -0.26126    -0.18114

      The qq matrix
    -0.84838    -0.27665     0.00000     0.00000     0.00000     0.00000
    -0.27665    -0.09294     0.00000     0.00000     0.00000     0.00000
     0.00000     0.00000    -0.21066    -0.05638     0.00000     0.00000
     0.00000     0.00000    -0.05638    -0.01502     0.00000     0.00000
     0.00000     0.00000     0.00000     0.00000     0.02895     0.02451
     0.00000     0.00000     0.00000     0.00000     0.02451     0.02027


    multipoles (all-electron charge) - (pseudo charge)
        ns l1:ns1 l2    l=0     l=1     l=2     l=3     l=4     l=5  
         1  0:  1  0 -0.8484
         2  0:  1  0 -0.2767
         2  0:  2  0 -0.0929
         3  1:  1  0  0.0000  0.2893
         3  1:  2  0  0.0000  0.0828
         3  1:  3  1 -0.2107  0.0000 -0.1425
         4  1:  1  0  0.0000  0.0744
         4  1:  2  0  0.0000  0.0219
         4  1:  3  1 -0.0564  0.0000 -0.0346
         4  1:  4  1 -0.0150  0.0000 -0.0085
         5  2:  1  0  0.0000  0.0000 -0.0366
         5  2:  2  0  0.0000  0.0000 -0.0110
         5  2:  3  1  0.0000  0.0222  0.0000  0.0135
         5  2:  4  1  0.0000  0.0076  0.0000  0.0046
         5  2:  5  2  0.0290  0.0000  0.0170  0.0000  0.0208
         6  2:  1  0  0.0000  0.0000 -0.0208
         6  2:  2  0  0.0000  0.0000 -0.0081
         6  2:  3  1  0.0000  0.0110  0.0000  0.0018
         6  2:  4  1  0.0000  0.0049  0.0000  0.0026
         6  2:  5  2  0.0245  0.0000  0.0172  0.0000  0.0236
         6  2:  6  2  0.0203  0.0000  0.0157  0.0000  0.0226
     Required augmentation: PSQ   radius:    2.000000

     Q pseudized with Bessel functions
     Expected ecutrho=     475.2212 due to l1=  1   l2=  2

     Estimated PAW energy = -759.419810 Ryd

     The PAW screened D coefficients
     4.02049     1.36001     0.00000     0.00000     0.00000     0.00000
     1.36001     0.41025     0.00000     0.00000     0.00000     0.00000
     0.00000     0.00000    -0.74082    -0.12258     0.00000     0.00000
     0.00000     0.00000    -0.12258    -0.03343     0.00000     0.00000
     0.00000     0.00000     0.00000     0.00000    -0.37095    -0.26126
     0.00000     0.00000     0.00000     0.00000    -0.26126    -0.18114

     The PAW descreened D coefficients (US)
    -3.56802    -1.17652     0.00000     0.00000     0.00000     0.00000
    -1.17652    -0.45800     0.00000     0.00000     0.00000     0.00000
     0.00000     0.00000    -2.26107    -0.55280     0.00000     0.00000
     0.00000     0.00000    -0.55280    -0.15302     0.00000     0.00000
     0.00000     0.00000     0.00000     0.00000    -0.03157     0.00856
     0.00000     0.00000     0.00000     0.00000     0.00856     0.03183

     ------------------- End of pseudopotential generation -------------------

     --------------------------- All-electron run ----------------------------

     W                                                                          
     scalar relativistic calculation

     atomic number is 74.00
     dft = SLA  PW   PBX  PBC   lsd =0 sic =0 latt =0  beta=0.20 tr2=1.0E-14
     Exchange-correlation=  SLA  PW   PBX  PBC
                           (   1   4   3   4   0   0   0)
     mesh =1273 r(mesh) =  99.08072 a.u. xmin = -7.00 dx = 0.01250
     1 Ry =  13.60569312 eV, c = 137.03599908

     n l     nl                  e(Ry)          e(Ha)          e(eV)
     1 0     1S 1( 2.00)     -5108.0325     -2554.0163    -69498.3227
     2 0     2S 1( 2.00)      -881.6250      -440.8125    -11995.1197
     2 1     2P 1( 6.00)      -770.9375      -385.4687    -10489.1389
     3 0     3S 1( 2.00)      -203.0444      -101.5222     -2762.5605
     3 1     3P 1( 6.00)      -170.2715       -85.1358     -2316.6624
     4 0     4S 1( 2.00)       -41.8880       -20.9440      -569.9155
     4 1     4P 1( 6.00)       -31.1402       -15.5701      -423.6836
     3 2     3D 1(10.00)      -132.6048       -66.3024     -1804.1802
     5 0     5S 1( 2.00)        -5.8117        -2.9059       -79.0726
     5 1     5P 1( 6.00)        -3.1753        -1.5876       -43.2016
     4 2     4D 1(10.00)       -17.5243        -8.7621      -238.4301
     4 3     4F 1(14.00)        -2.4407        -1.2203       -33.2069
     6 0     6S 1( 2.00)        -0.4199        -0.2099        -5.7127
     6 1     6P 1( 0.00)        -0.1001        -0.0500        -1.3613
     5 2     5D 1( 4.00)        -0.3293        -0.1646        -4.4800

     final scf error:  6.9E-15 reached in  30 iterations

     Etot =  -32285.036163 Ry,  -16142.518081 Ha, -439260.294494 eV

     Ekin =   35580.599384 Ry,   17790.299692 Ha,  484098.716355 eV
     Encl =  -79832.739882 Ry,  -39916.369941 Ha,-1086179.759998 eV
     Eh   =   12612.479938 Ry,    6306.239969 Ha,  171601.531560 eV
     Exc  =    -645.375604 Ry,    -322.687802 Ha,   -8780.782411 eV


     normalization and overlap integrals

     s(1S/1S) =  1.000000  <r> =   0.0183  <r2> =    0.0005  r(max) =   0.0115
     s(1S/2S) = -0.032037
     s(1S/3S) = -0.014025
     s(1S/4S) = -0.006844
     s(1S/5S) = -0.002866
     s(1S/6S) = -0.000869
     s(2S/2S) =  1.000000  <r> =   0.0776  <r2> =    0.0071  r(max) =   0.0653
     s(2S/3S) = -0.008951
     s(2S/4S) = -0.004168
     s(2S/5S) = -0.001729
     s(2S/6S) = -0.000524
     s(2P/2P) =  1.000000  <r> =   0.0694  <r2> =    0.0059  r(max) =   0.0541
     s(2P/3P) = -0.007076
     s(2P/4P) = -0.003114
     s(2P/5P) = -0.001159
     s(2P/6P) = -0.000252
     s(3S/3S) =  1.000000  <r> =   0.2010  <r2> =    0.0462  r(max) =   0.1842
     s(3S/4S) = -0.003012
     s(3S/5S) = -0.001209
     s(3S/6S) = -0.000365
     s(3P/3P) =  1.000000  <r> =   0.2013  <r2> =    0.0470  r(max) =   0.1842
     s(3P/4P) = -0.002540
     s(3P/5P) = -0.000917
     s(3P/6P) = -0.000199
     s(4S/4S) =  1.000000  <r> =   0.4495  <r2> =    0.2281  r(max) =   0.4204
     s(4S/5S) = -0.000837
     s(4S/6S) = -0.000249
     s(4P/4P) =  1.000000  <r> =   0.4780  <r2> =    0.2599  r(max) =   0.4419
     s(4P/5P) = -0.000642
     s(4P/6P) = -0.000138
     s(3D/3D) =  1.000000  <r> =   0.1824  <r2> =    0.0390  r(max) =   0.1490
     s(3D/4D) = -0.001840
     s(3D/5D) = -0.000421
     s(5S/5S) =  1.000000  <r> =   1.0670  <r2> =    1.2795  r(max) =   0.9593
     s(5S/6S) = -0.000135
     s(5P/5P) =  1.000000  <r> =   1.2493  <r2> =    1.7716  r(max) =   1.0870
     s(5P/6P) = -0.000069
     s(4D/4D) =  1.000000  <r> =   0.5113  <r2> =    0.3030  r(max) =   0.4531
     s(4D/5D) = -0.000320
     s(4F/4F) =  1.000000  <r> =   0.6078  <r2> =    0.4644  r(max) =   0.4310
     s(6S/6S) =  1.000000  <r> =   3.1762  <r2> =   11.5366  r(max) =   2.6736
     s(6P/6P) =  1.000000  <r> =   4.8422  <r2> =   27.6044  r(max) =   3.7469
     s(5D/5D) =  1.000000  <r> =   2.0741  <r2> =    5.2814  r(max) =   1.4858

     ------------------------ End of All-electron run ------------------------


     ---------------------- Testing the pseudopotential ----------------------

     W                                                                          
     scalar relativistic calculation

     atomic number is 74.00   valence charge is 14.00
     dft = SLA  PW   PBX  PBC   lsd =0 sic =0 latt =0  beta=0.20 tr2=1.0E-14
     mesh =1273 r(mesh) =  99.08072 xmin = -7.00 dx = 0.01250

     n l     nl             e AE (Ry)        e PS (Ry)    De AE-PS (Ry) 
     1 0     5S   1( 2.00)       -5.81173       -5.81166       -0.00007
     2 0     6S   1( 2.00)       -0.41988       -0.41987       -0.00001
     2 1     5P   1( 6.00)       -3.17526       -3.17521       -0.00005
     3 1     6P   1( 0.00)       -0.10005       -0.10005       -0.00000
     3 2     5D   1( 4.00)       -0.32927       -0.32925       -0.00002

     eps = 3.1E-16  iter =  6

     Etot =  -32285.036163 Ry,  -16142.518081 Ha, -439260.294494 eV
     Etotps =  -759.419809 Ry,    -379.709904 Ha,  -10332.432873 eV

     Ekin =     256.269348 Ry,     128.134674 Ha,    3486.722112 eV
     Encl =    -477.774164 Ry,    -238.887082 Ha,   -6500.448658 eV
     Ehrt =     107.460943 Ry,      53.730472 Ha,    1462.080618 eV
     Ecxc =    -645.375937 Ry,    -322.687968 Ha,   -8780.786945 eV
     (Ecc =     -20.402349 Ry,     -10.201174 Ha,    -277.588097 eV)

     ---------------------- End of pseudopotential test ----------------------

