
     Program LD1 v.7.2 starts on  8May2024 at  9:38:30 

     This program is part of the open-source Quantum ESPRESSO suite
     for quantum simulation of materials; please cite
         "P. Giannozzi et al., J. Phys.:Condens. Matter 21 395502 (2009);
         "P. Giannozzi et al., J. Phys.:Condens. Matter 29 465901 (2017);
         "P. Giannozzi et al., J. Chem. Phys. 152 154105 (2020);
          URL http://www.quantum-espresso.org", 
     in publications or presentations arising from this work. More details at
     http://www.quantum-espresso.org/quote

     Parallel version (MPI & OpenMP), running on      20 processor cores
     Number of MPI processes:                 1
     Threads/MPI process:                    20

     MPI processes distributed on     1 nodes
     17731 MiB available memory on the printing compute node when the environment starts

     Waiting for input...
     Reading input from standard input
     --------------------------- All-electron run ----------------------------

     W                                                                          
     scalar relativistic calculation

     atomic number is 74.00
     dft =PBE   lsd =0 sic =0 latt =0  beta=0.20 tr2=1.0E-14
     Exchange-correlation= PBE
                           (   1   4   3   4   0   0   0)
     mesh =1273 r(mesh) =  99.08072 a.u. xmin = -7.00 dx = 0.01250
     1 Ry =  13.60569312 eV, c = 137.03599908

     n l     nl                  e(Ry)          e(Ha)          e(eV)
     1 0     1S 1( 2.00)     -5109.5155     -2554.7577    -69518.4993
     2 0     2S 1( 2.00)      -883.1745      -441.5873    -12016.2014
     2 1     2P 1( 6.00)      -772.4778      -386.2389    -10510.0955
     3 0     3S 1( 2.00)      -204.6942      -102.3471     -2785.0066
     3 1     3P 1( 6.00)      -171.9195       -85.9598     -2339.0841
     4 0     4S 1( 2.00)       -43.4544       -21.7272      -591.2273
     4 1     4P 1( 6.00)       -32.6815       -16.3407      -444.6542
     3 2     3D 1(10.00)      -134.2440       -67.1220     -1826.4832
     5 0     5S 1( 2.00)        -6.8821        -3.4411       -93.6358
     5 1     5P 1( 6.00)        -4.1556        -2.0778       -56.5402
     4 2     4D 1(10.00)       -19.0349        -9.5175      -258.9833
     4 3     4F 1(13.00)        -3.8853        -1.9427       -52.8628
     6 0     6S 1( 2.00)        -0.9918        -0.4959       -13.4943
     6 1     6P 1( 0.00)        -0.5533        -0.2767        -7.5284
     5 2     5D 1( 4.00)        -1.0986        -0.5493       -14.9465

     final scf error:  6.5E-15 reached in  33 iterations

     Etot =  -32281.890695 Ry,  -16140.945347 Ha, -439217.498222 eV

     Ekin =   35578.268337 Ry,   17789.134169 Ha,  484067.000844 eV
     Encl =  -79724.421510 Ry,  -39862.210755 Ha,-1084706.013471 eV
     Eh   =   12507.771468 Ry,    6253.885734 Ha,  170176.900252 eV
     Exc  =    -643.508991 Ry,    -321.754495 Ha,   -8755.385848 eV


     normalization and overlap integrals

     s(1S/1S) =  1.000000  <r> =   0.0183  <r2> =    0.0005  r(max) =   0.0115
     s(1S/2S) = -0.032036
     s(1S/3S) = -0.014024
     s(1S/4S) = -0.006857
     s(1S/5S) = -0.002928
     s(1S/6S) = -0.001012
     s(2S/2S) =  1.000000  <r> =   0.0776  <r2> =    0.0071  r(max) =   0.0653
     s(2S/3S) = -0.008950
     s(2S/4S) = -0.004175
     s(2S/5S) = -0.001766
     s(2S/6S) = -0.000610
     s(2P/2P) =  1.000000  <r> =   0.0694  <r2> =    0.0059  r(max) =   0.0541
     s(2P/3P) = -0.007075
     s(2P/4P) = -0.003122
     s(2P/5P) = -0.001199
     s(2P/6P) = -0.000355
     s(3S/3S) =  1.000000  <r> =   0.2011  <r2> =    0.0462  r(max) =   0.1842
     s(3S/4S) = -0.003017
     s(3S/5S) = -0.001235
     s(3S/6S) = -0.000424
     s(3P/3P) =  1.000000  <r> =   0.2013  <r2> =    0.0470  r(max) =   0.1842
     s(3P/4P) = -0.002546
     s(3P/5P) = -0.000947
     s(3P/6P) = -0.000280
     s(4S/4S) =  1.000000  <r> =   0.4488  <r2> =    0.2273  r(max) =   0.4204
     s(4S/5S) = -0.000856
     s(4S/6S) = -0.000290
     s(4P/4P) =  1.000000  <r> =   0.4768  <r2> =    0.2585  r(max) =   0.4419
     s(4P/5P) = -0.000665
     s(4P/6P) = -0.000194
     s(3D/3D) =  1.000000  <r> =   0.1824  <r2> =    0.0390  r(max) =   0.1490
     s(3D/4D) = -0.001848
     s(3D/5D) = -0.000484
     s(5S/5S) =  1.000000  <r> =   1.0499  <r2> =    1.2374  r(max) =   0.9474
     s(5S/6S) = -0.000160
     s(5P/5P) =  1.000000  <r> =   1.2172  <r2> =    1.6768  r(max) =   1.0735
     s(5P/6P) = -0.000100
     s(4D/4D) =  1.000000  <r> =   0.5088  <r2> =    0.2997  r(max) =   0.4531
     s(4D/5D) = -0.000369
     s(4F/4F) =  1.000000  <r> =   0.5897  <r2> =    0.4314  r(max) =   0.4257
     s(6S/6S) =  1.000000  <r> =   2.8208  <r2> =    8.9650  r(max) =   2.4496
     s(6P/6P) =  1.000000  <r> =   3.6943  <r2> =   15.4665  r(max) =   3.1454
     s(5D/5D) =  1.000000  <r> =   1.7976  <r2> =    3.8130  r(max) =   1.4133

     ------------------------ End of All-electron run ------------------------


     --------------------- Generating PAW atomic setup --------------------


      Generating local potential from pseudized AE potential:
      Matching radius rcloc =   2.1000

      Local pseudo, rcloc= 2.108 Estimated cut-off energy=     5.41 Ry

      Computing core charge for nlcc: 

       r > 1.20 : true rho core
      Core charge pseudized with two Bessel functions
      Integrated core pseudo-charge :   9.05
      Wfc-us  5S rcutus= 1.486  Estimated cut-off energy=    24.26 Ry
      Wfc-us  6S rcutus= 1.486  Estimated cut-off energy=    46.65 Ry
      Wfc-us  5P rcutus= 1.601  Estimated cut-off energy=    32.30 Ry
      Wfc-us  6P rcutus= 1.601  Estimated cut-off energy=    53.84 Ry
      Wfc-us  5D rcutus= 2.006  Estimated cut-off energy=    28.73 Ry
      Wfc-us  5D rcutus= 2.006  Estimated cut-off energy=    37.59 Ry

      The bmat matrix
    -1.57676     1.46102     0.00000     0.00000     0.00000     0.00000
    -0.49975     0.49118     0.00000     0.00000     0.00000     0.00000
     0.00000     0.00000    -1.77395    -0.20223     0.00000     0.00000
     0.00000     0.00000    -0.53622    -0.09444     0.00000     0.00000
     0.00000     0.00000     0.00000     0.00000    -0.54087    -0.41857
     0.00000     0.00000     0.00000     0.00000    -0.36771    -0.29107

      The bmat + epsilon qq matrix
     4.53645     1.79133     0.00000     0.00000     0.00000     0.00000
     1.79226     0.61951     0.00000     0.00000     0.00000     0.00000
     0.00000     0.00000    -0.86603    -0.15087     0.00000     0.00000
     0.00000     0.00000    -0.15051    -0.07349     0.00000     0.00000
     0.00000     0.00000     0.00000     0.00000    -0.59565    -0.40770
     0.00000     0.00000     0.00000     0.00000    -0.40752    -0.28332

      The qq matrix
    -0.88828    -0.33304     0.00000     0.00000     0.00000     0.00000
    -0.33304    -0.12938     0.00000     0.00000     0.00000     0.00000
     0.00000     0.00000    -0.21848    -0.09281     0.00000     0.00000
     0.00000     0.00000    -0.09281    -0.03787     0.00000     0.00000
     0.00000     0.00000     0.00000     0.00000     0.04986     0.03624
     0.00000     0.00000     0.00000     0.00000     0.03624     0.02582


    multipoles (all-electron charge) - (pseudo charge)
        ns l1:ns1 l2    l=0     l=1     l=2     l=3     l=4     l=5  
         1  0:  1  0 -0.8883
         2  0:  1  0 -0.3330
         2  0:  2  0 -0.1294
         3  1:  1  0  0.0000  0.3002
         3  1:  2  0  0.0000  0.0976
         3  1:  3  1 -0.2185  0.0000 -0.1455
         4  1:  1  0  0.0000  0.1195
         4  1:  2  0  0.0000  0.0401
         4  1:  3  1 -0.0928  0.0000 -0.0556
         4  1:  4  1 -0.0379  0.0000 -0.0207
         5  2:  1  0  0.0000  0.0000 -0.0304
         5  2:  2  0  0.0000  0.0000 -0.0131
         5  2:  3  1  0.0000  0.0143  0.0000  0.0020
         5  2:  4  1  0.0000  0.0134  0.0000  0.0078
         5  2:  5  2  0.0499  0.0000  0.0372  0.0000  0.0492
         6  2:  1  0  0.0000  0.0000 -0.0283
         6  2:  2  0  0.0000  0.0000 -0.0126
         6  2:  3  1  0.0000  0.0153  0.0000  0.0025
         6  2:  4  1  0.0000  0.0123  0.0000  0.0075
         6  2:  5  2  0.0362  0.0000  0.0278  0.0000  0.0397
         6  2:  6  2  0.0258  0.0000  0.0199  0.0000  0.0296
     Required augmentation: PSQ   radius:    2.000000

     Q pseudized with Bessel functions
     Expected ecutrho=     897.7975 due to l1=  1   l2=  2

     Estimated PAW energy = -775.861661 Ryd

     The PAW screened D coefficients
     4.53645     1.79226     0.00000     0.00000     0.00000     0.00000
     1.79226     0.61951     0.00000     0.00000     0.00000     0.00000
     0.00000     0.00000    -0.86603    -0.15051     0.00000     0.00000
     0.00000     0.00000    -0.15051    -0.07349     0.00000     0.00000
     0.00000     0.00000     0.00000     0.00000    -0.59565    -0.40752
     0.00000     0.00000     0.00000     0.00000    -0.40752    -0.28332

     The PAW descreened D coefficients (US)
    -4.08783    -1.52012     0.00000     0.00000     0.00000     0.00000
    -1.52012    -0.69014     0.00000     0.00000     0.00000     0.00000
     0.00000     0.00000    -2.62039    -0.94526     0.00000     0.00000
     0.00000     0.00000    -0.94526    -0.41220     0.00000     0.00000
     0.00000     0.00000     0.00000     0.00000    -0.04348    -0.00304
     0.00000     0.00000     0.00000     0.00000    -0.00304     0.00993

     ------------------- End of pseudopotential generation -------------------

     --------------------------- All-electron run ----------------------------

     W                                                                          
     scalar relativistic calculation

     atomic number is 74.00
     dft = SLA  PW   PBX  PBC   lsd =0 sic =0 latt =0  beta=0.20 tr2=1.0E-14
     Exchange-correlation=  SLA  PW   PBX  PBC
                           (   1   4   3   4   0   0   0)
     mesh =1273 r(mesh) =  99.08072 a.u. xmin = -7.00 dx = 0.01250
     1 Ry =  13.60569312 eV, c = 137.03599908

     n l     nl                  e(Ry)          e(Ha)          e(eV)
     1 0     1S 1( 2.00)     -5109.5155     -2554.7577    -69518.4993
     2 0     2S 1( 2.00)      -883.1745      -441.5873    -12016.2014
     2 1     2P 1( 6.00)      -772.4778      -386.2389    -10510.0955
     3 0     3S 1( 2.00)      -204.6942      -102.3471     -2785.0066
     3 1     3P 1( 6.00)      -171.9195       -85.9598     -2339.0841
     4 0     4S 1( 2.00)       -43.4544       -21.7272      -591.2273
     4 1     4P 1( 6.00)       -32.6815       -16.3407      -444.6542
     3 2     3D 1(10.00)      -134.2440       -67.1220     -1826.4832
     5 0     5S 1( 2.00)        -6.8821        -3.4411       -93.6358
     5 1     5P 1( 6.00)        -4.1556        -2.0778       -56.5402
     4 2     4D 1(10.00)       -19.0349        -9.5175      -258.9833
     4 3     4F 1(13.00)        -3.8853        -1.9427       -52.8628
     6 0     6S 1( 2.00)        -0.9918        -0.4959       -13.4943
     6 1     6P 1( 0.00)        -0.5533        -0.2767        -7.5284
     5 2     5D 1( 4.00)        -1.0986        -0.5493       -14.9465

     final scf error:  6.5E-15 reached in  33 iterations

     Etot =  -32281.890695 Ry,  -16140.945347 Ha, -439217.498222 eV

     Ekin =   35578.268337 Ry,   17789.134169 Ha,  484067.000844 eV
     Encl =  -79724.421510 Ry,  -39862.210755 Ha,-1084706.013471 eV
     Eh   =   12507.771468 Ry,    6253.885734 Ha,  170176.900252 eV
     Exc  =    -643.508991 Ry,    -321.754495 Ha,   -8755.385848 eV


     normalization and overlap integrals

     s(1S/1S) =  1.000000  <r> =   0.0183  <r2> =    0.0005  r(max) =   0.0115
     s(1S/2S) = -0.032036
     s(1S/3S) = -0.014024
     s(1S/4S) = -0.006857
     s(1S/5S) = -0.002928
     s(1S/6S) = -0.001012
     s(2S/2S) =  1.000000  <r> =   0.0776  <r2> =    0.0071  r(max) =   0.0653
     s(2S/3S) = -0.008950
     s(2S/4S) = -0.004175
     s(2S/5S) = -0.001766
     s(2S/6S) = -0.000610
     s(2P/2P) =  1.000000  <r> =   0.0694  <r2> =    0.0059  r(max) =   0.0541
     s(2P/3P) = -0.007075
     s(2P/4P) = -0.003122
     s(2P/5P) = -0.001199
     s(2P/6P) = -0.000355
     s(3S/3S) =  1.000000  <r> =   0.2011  <r2> =    0.0462  r(max) =   0.1842
     s(3S/4S) = -0.003017
     s(3S/5S) = -0.001235
     s(3S/6S) = -0.000424
     s(3P/3P) =  1.000000  <r> =   0.2013  <r2> =    0.0470  r(max) =   0.1842
     s(3P/4P) = -0.002546
     s(3P/5P) = -0.000947
     s(3P/6P) = -0.000280
     s(4S/4S) =  1.000000  <r> =   0.4488  <r2> =    0.2273  r(max) =   0.4204
     s(4S/5S) = -0.000856
     s(4S/6S) = -0.000290
     s(4P/4P) =  1.000000  <r> =   0.4768  <r2> =    0.2585  r(max) =   0.4419
     s(4P/5P) = -0.000665
     s(4P/6P) = -0.000194
     s(3D/3D) =  1.000000  <r> =   0.1824  <r2> =    0.0390  r(max) =   0.1490
     s(3D/4D) = -0.001848
     s(3D/5D) = -0.000484
     s(5S/5S) =  1.000000  <r> =   1.0499  <r2> =    1.2374  r(max) =   0.9474
     s(5S/6S) = -0.000160
     s(5P/5P) =  1.000000  <r> =   1.2172  <r2> =    1.6768  r(max) =   1.0735
     s(5P/6P) = -0.000100
     s(4D/4D) =  1.000000  <r> =   0.5088  <r2> =    0.2997  r(max) =   0.4531
     s(4D/5D) = -0.000369
     s(4F/4F) =  1.000000  <r> =   0.5897  <r2> =    0.4314  r(max) =   0.4257
     s(6S/6S) =  1.000000  <r> =   2.8208  <r2> =    8.9650  r(max) =   2.4496
     s(6P/6P) =  1.000000  <r> =   3.6943  <r2> =   15.4665  r(max) =   3.1454
     s(5D/5D) =  1.000000  <r> =   1.7976  <r2> =    3.8130  r(max) =   1.4133

     ------------------------ End of All-electron run ------------------------


     ---------------------- Testing the pseudopotential ----------------------

     W                                                                          
     scalar relativistic calculation

     atomic number is 74.00   valence charge is 15.00
     dft = SLA  PW   PBX  PBC   lsd =0 sic =0 latt =0  beta=0.20 tr2=1.0E-14
     mesh =1273 r(mesh) =  99.08072 xmin = -7.00 dx = 0.01250

     n l     nl             e AE (Ry)        e PS (Ry)    De AE-PS (Ry) 
     1 0     5S   1( 2.00)       -6.88211       -6.88200       -0.00011
     2 0     6S   1( 2.00)       -0.99181       -0.99180       -0.00002
     2 1     5P   1( 6.00)       -4.15563       -4.15555       -0.00008
     3 1     6P   1( 0.00)       -0.55333       -0.55332       -0.00001
     3 2     5D   1( 4.00)       -1.09855       -1.09851       -0.00004

     eps = 1.1E-16  iter =  6

     Etot =  -32281.890695 Ry,  -16140.945347 Ha, -439217.498222 eV
     Etotps =  -775.861666 Ry,    -387.930833 Ha,  -10556.135739 eV

     Ekin =     282.246561 Ry,     141.123280 Ha,    3840.160094 eV
     Encl =    -529.694989 Ry,    -264.847494 Ha,   -7206.867465 eV
     Ehrt =     115.096224 Ry,      57.548112 Ha,    1565.963897 eV
     Ecxc =    -643.509462 Ry,    -321.754731 Ha,   -8755.392265 eV
     (Ecc =     -18.421637 Ry,      -9.210818 Ha,    -250.639139 eV)

     ---------------------- End of pseudopotential test ----------------------

